<?xml version="1.0" encoding="UTF-8"?>
<coverage generated="1694835809825" clover="3.2.0">
  <project timestamp="1694835809825" name="All files">
    <metrics statements="47" coveredstatements="45" conditionals="18" coveredconditionals="17" methods="29" coveredmethods="28" elements="94" coveredelements="90" complexity="0" loc="47" ncloc="47" packages="1" files="4" classes="4"/>
    <file name="Atividade.js" path="D:\Estudos\{reprograma}\12. Projeto final\Atividade.js">
      <metrics statements="11" coveredstatements="10" conditionals="0" coveredconditionals="0" methods="4" coveredmethods="3"/>
      <line num="3" count="6" type="stmt"/>
      <line num="4" count="6" type="stmt"/>
      <line num="5" count="6" type="stmt"/>
      <line num="6" count="6" type="stmt"/>
      <line num="9" count="0" type="stmt"/>
      <line num="12" count="1" type="stmt"/>
      <line num="15" count="1" type="stmt"/>
      <line num="16" count="1" type="stmt"/>
      <line num="17" count="1" type="stmt"/>
      <line num="18" count="1" type="stmt"/>
      <line num="21" count="2" type="stmt"/>
    </file>
    <file name="DiaDaSemana.js" path="D:\Estudos\{reprograma}\12. Projeto final\DiaDaSemana.js">
      <metrics statements="15" coveredstatements="15" conditionals="8" coveredconditionals="8" methods="10" coveredmethods="10"/>
      <line num="3" count="8" type="stmt"/>
      <line num="15" count="2" type="cond" truecount="2" falsecount="0"/>
      <line num="16" count="1" type="stmt"/>
      <line num="18" count="1" type="stmt"/>
      <line num="23" count="3" type="cond" truecount="2" falsecount="0"/>
      <line num="24" count="2" type="stmt"/>
      <line num="26" count="1" type="stmt"/>
      <line num="31" count="4" type="stmt"/>
      <line num="32" count="10" type="cond" truecount="2" falsecount="0"/>
      <line num="33" count="9" type="stmt"/>
      <line num="35" count="1" type="stmt"/>
      <line num="41" count="5" type="cond" truecount="2" falsecount="0"/>
      <line num="44" count="7" type="stmt"/>
      <line num="48" count="7" type="stmt"/>
      <line num="52" count="1" type="stmt"/>
    </file>
    <file name="GerenciadorDeAtividades.js" path="D:\Estudos\{reprograma}\12. Projeto final\GerenciadorDeAtividades.js">
      <metrics statements="4" coveredstatements="4" conditionals="0" coveredconditionals="0" methods="3" coveredmethods="3"/>
      <line num="3" count="2" type="stmt"/>
      <line num="7" count="3" type="stmt"/>
      <line num="11" count="2" type="stmt"/>
      <line num="16" count="1" type="stmt"/>
    </file>
    <file name="Horario.js" path="D:\Estudos\{reprograma}\12. Projeto final\Horario.js">
      <metrics statements="17" coveredstatements="16" conditionals="10" coveredconditionals="9" methods="12" coveredmethods="12"/>
      <line num="3" count="7" type="stmt"/>
      <line num="4" count="168" type="stmt"/>
      <line num="8" count="33" type="stmt"/>
      <line num="9" count="2" type="cond" truecount="2" falsecount="0"/>
      <line num="10" count="1" type="stmt"/>
      <line num="12" count="1" type="stmt"/>
      <line num="17" count="67" type="stmt"/>
      <line num="18" count="5" type="cond" truecount="2" falsecount="0"/>
      <line num="19" count="4" type="stmt"/>
      <line num="21" count="1" type="stmt"/>
      <line num="26" count="98" type="stmt"/>
      <line num="27" count="7" type="cond" truecount="2" falsecount="0"/>
      <line num="31" count="1" type="cond" truecount="3" falsecount="1"/>
      <line num="32" count="1" type="stmt"/>
      <line num="34" count="0" type="stmt"/>
      <line num="39" count="24" type="stmt"/>
      <line num="44" count="1" type="stmt"/>
    </file>
  </project>
</coverage>
