{"D:\\Estudos\\{reprograma}\\12. Projeto final\\Atividade.js": {"path":"D:\\Estudos\\{reprograma}\\12. Projeto final\\Atividade.js","statementMap":{"0":{"start":{"line":3,"column":8},"end":{"line":3,"column":25}},"1":{"start":{"line":4,"column":8},"end":{"line":4,"column":31}},"2":{"start":{"line":5,"column":8},"end":{"line":5,"column":37}},"3":{"start":{"line":6,"column":8},"end":{"line":6,"column":31}},"4":{"start":{"line":9,"column":8},"end":{"line":9,"column":50}},"5":{"start":{"line":12,"column":8},"end":{"line":12,"column":30}},"6":{"start":{"line":15,"column":8},"end":{"line":15,"column":25}},"7":{"start":{"line":16,"column":8},"end":{"line":16,"column":31}},"8":{"start":{"line":17,"column":8},"end":{"line":17,"column":25}},"9":{"start":{"line":18,"column":8},"end":{"line":18,"column":37}},"10":{"start":{"line":21,"column":0},"end":{"line":21,"column":27}}},"fnMap":{"0":{"name":"(anonymous_0)","decl":{"start":{"line":2,"column":4},"end":{"line":2,"column":5}},"loc":{"start":{"line":2,"column":43},"end":{"line":7,"column":5}},"line":2},"1":{"name":"(anonymous_1)","decl":{"start":{"line":8,"column":4},"end":{"line":8,"column":5}},"loc":{"start":{"line":8,"column":67},"end":{"line":10,"column":5}},"line":8},"2":{"name":"(anonymous_2)","decl":{"start":{"line":11,"column":4},"end":{"line":11,"column":5}},"loc":{"start":{"line":11,"column":26},"end":{"line":13,"column":5}},"line":11},"3":{"name":"(anonymous_3)","decl":{"start":{"line":14,"column":4},"end":{"line":14,"column":5}},"loc":{"start":{"line":14,"column":58},"end":{"line":19,"column":5}},"line":14}},"branchMap":{},"s":{"0":6,"1":6,"2":6,"3":6,"4":0,"5":1,"6":1,"7":1,"8":1,"9":1,"10":2},"f":{"0":6,"1":0,"2":1,"3":1},"b":{},"_coverageSchema":"1a1c01bbd47fc00a2c39e90264f33305004495a9","hash":"f71e509a04b7e2dd1cbe2b04460e3b00d9073613"}
,"D:\\Estudos\\{reprograma}\\12. Projeto final\\DiaDaSemana.js": {"path":"D:\\Estudos\\{reprograma}\\12. Projeto final\\DiaDaSemana.js","statementMap":{"0":{"start":{"line":3,"column":8},"end":{"line":11,"column":10}},"1":{"start":{"line":15,"column":8},"end":{"line":19,"column":9}},"2":{"start":{"line":16,"column":12},"end":{"line":16,"column":39}},"3":{"start":{"line":18,"column":12},"end":{"line":18,"column":41}},"4":{"start":{"line":23,"column":8},"end":{"line":27,"column":9}},"5":{"start":{"line":24,"column":12},"end":{"line":24,"column":41}},"6":{"start":{"line":26,"column":12},"end":{"line":26,"column":41}},"7":{"start":{"line":31,"column":8},"end":{"line":37,"column":11}},"8":{"start":{"line":32,"column":12},"end":{"line":36,"column":13}},"9":{"start":{"line":33,"column":16},"end":{"line":33,"column":45}},"10":{"start":{"line":35,"column":16},"end":{"line":35,"column":54}},"11":{"start":{"line":41,"column":8},"end":{"line":41,"column":50}},"12":{"start":{"line":44,"column":8},"end":{"line":44,"column":86}},"13":{"start":{"line":44,"column":56},"end":{"line":44,"column":84}},"14":{"start":{"line":48,"column":8},"end":{"line":48,"column":88}},"15":{"start":{"line":48,"column":56},"end":{"line":48,"column":86}},"16":{"start":{"line":52,"column":0},"end":{"line":52,"column":29}}},"fnMap":{"0":{"name":"(anonymous_0)","decl":{"start":{"line":2,"column":4},"end":{"line":2,"column":5}},"loc":{"start":{"line":2,"column":18},"end":{"line":12,"column":5}},"line":2},"1":{"name":"(anonymous_1)","decl":{"start":{"line":14,"column":4},"end":{"line":14,"column":5}},"loc":{"start":{"line":14,"column":25},"end":{"line":20,"column":5}},"line":14},"2":{"name":"(anonymous_2)","decl":{"start":{"line":22,"column":4},"end":{"line":22,"column":5}},"loc":{"start":{"line":22,"column":27},"end":{"line":28,"column":5}},"line":22},"3":{"name":"(anonymous_3)","decl":{"start":{"line":30,"column":4},"end":{"line":30,"column":5}},"loc":{"start":{"line":30,"column":30},"end":{"line":38,"column":5}},"line":30},"4":{"name":"(anonymous_4)","decl":{"start":{"line":31,"column":21},"end":{"line":31,"column":22}},"loc":{"start":{"line":31,"column":30},"end":{"line":37,"column":9}},"line":31},"5":{"name":"(anonymous_5)","decl":{"start":{"line":40,"column":4},"end":{"line":40,"column":5}},"loc":{"start":{"line":40,"column":24},"end":{"line":42,"column":5}},"line":40},"6":{"name":"(anonymous_6)","decl":{"start":{"line":43,"column":4},"end":{"line":43,"column":5}},"loc":{"start":{"line":43,"column":20},"end":{"line":45,"column":5}},"line":43},"7":{"name":"(anonymous_7)","decl":{"start":{"line":44,"column":47},"end":{"line":44,"column":48}},"loc":{"start":{"line":44,"column":56},"end":{"line":44,"column":84}},"line":44},"8":{"name":"(anonymous_8)","decl":{"start":{"line":47,"column":4},"end":{"line":47,"column":5}},"loc":{"start":{"line":47,"column":22},"end":{"line":49,"column":5}},"line":47},"9":{"name":"(anonymous_9)","decl":{"start":{"line":48,"column":47},"end":{"line":48,"column":48}},"loc":{"start":{"line":48,"column":56},"end":{"line":48,"column":86}},"line":48}},"branchMap":{"0":{"loc":{"start":{"line":15,"column":8},"end":{"line":19,"column":9}},"type":"if","locations":[{"start":{"line":15,"column":8},"end":{"line":19,"column":9}},{"start":{"line":17,"column":15},"end":{"line":19,"column":9}}],"line":15},"1":{"loc":{"start":{"line":23,"column":8},"end":{"line":27,"column":9}},"type":"if","locations":[{"start":{"line":23,"column":8},"end":{"line":27,"column":9}},{"start":{"line":25,"column":15},"end":{"line":27,"column":9}}],"line":23},"2":{"loc":{"start":{"line":32,"column":12},"end":{"line":36,"column":13}},"type":"if","locations":[{"start":{"line":32,"column":12},"end":{"line":36,"column":13}},{"start":{"line":34,"column":19},"end":{"line":36,"column":13}}],"line":32},"3":{"loc":{"start":{"line":41,"column":15},"end":{"line":41,"column":49}},"type":"binary-expr","locations":[{"start":{"line":41,"column":15},"end":{"line":41,"column":31}},{"start":{"line":41,"column":35},"end":{"line":41,"column":49}}],"line":41}},"s":{"0":8,"1":2,"2":1,"3":1,"4":3,"5":2,"6":1,"7":4,"8":10,"9":9,"10":1,"11":5,"12":1,"13":7,"14":1,"15":7,"16":1},"f":{"0":8,"1":2,"2":3,"3":4,"4":10,"5":5,"6":1,"7":7,"8":1,"9":7},"b":{"0":[1,1],"1":[2,1],"2":[9,1],"3":[5,3]},"_coverageSchema":"1a1c01bbd47fc00a2c39e90264f33305004495a9","hash":"0015fbe621bfe35ad89d6bb868d328bd223222b4"}
,"D:\\Estudos\\{reprograma}\\12. Projeto final\\GerenciadorDeAtividades.js": {"path":"D:\\Estudos\\{reprograma}\\12. Projeto final\\GerenciadorDeAtividades.js","statementMap":{"0":{"start":{"line":3,"column":8},"end":{"line":3,"column":29}},"1":{"start":{"line":7,"column":8},"end":{"line":7,"column":40}},"2":{"start":{"line":11,"column":8},"end":{"line":11,"column":31}},"3":{"start":{"line":16,"column":0},"end":{"line":16,"column":41}}},"fnMap":{"0":{"name":"(anonymous_0)","decl":{"start":{"line":2,"column":4},"end":{"line":2,"column":5}},"loc":{"start":{"line":2,"column":18},"end":{"line":4,"column":5}},"line":2},"1":{"name":"(anonymous_1)","decl":{"start":{"line":6,"column":4},"end":{"line":6,"column":5}},"loc":{"start":{"line":6,"column":34},"end":{"line":8,"column":5}},"line":6},"2":{"name":"(anonymous_2)","decl":{"start":{"line":10,"column":4},"end":{"line":10,"column":5}},"loc":{"start":{"line":10,"column":23},"end":{"line":12,"column":5}},"line":10}},"branchMap":{},"s":{"0":2,"1":3,"2":2,"3":1},"f":{"0":2,"1":3,"2":2},"b":{},"_coverageSchema":"1a1c01bbd47fc00a2c39e90264f33305004495a9","hash":"c8ddceb6251d23117badb128b2ed5aeda9dec8a8"}
,"D:\\Estudos\\{reprograma}\\12. Projeto final\\Horario.js": {"path":"D:\\Estudos\\{reprograma}\\12. Projeto final\\Horario.js","statementMap":{"0":{"start":{"line":3,"column":8},"end":{"line":4,"column":76}},"1":{"start":{"line":4,"column":45},"end":{"line":4,"column":73}},"2":{"start":{"line":8,"column":24},"end":{"line":8,"column":66}},"3":{"start":{"line":8,"column":50},"end":{"line":8,"column":65}},"4":{"start":{"line":9,"column":8},"end":{"line":13,"column":9}},"5":{"start":{"line":10,"column":12},"end":{"line":10,"column":37}},"6":{"start":{"line":12,"column":12},"end":{"line":12,"column":45}},"7":{"start":{"line":17,"column":24},"end":{"line":17,"column":66}},"8":{"start":{"line":17,"column":50},"end":{"line":17,"column":65}},"9":{"start":{"line":18,"column":8},"end":{"line":22,"column":9}},"10":{"start":{"line":19,"column":12},"end":{"line":19,"column":39}},"11":{"start":{"line":21,"column":12},"end":{"line":21,"column":45}},"12":{"start":{"line":26,"column":24},"end":{"line":26,"column":66}},"13":{"start":{"line":26,"column":50},"end":{"line":26,"column":65}},"14":{"start":{"line":27,"column":8},"end":{"line":27,"column":61}},"15":{"start":{"line":31,"column":8},"end":{"line":35,"column":9}},"16":{"start":{"line":32,"column":12},"end":{"line":32,"column":58}},"17":{"start":{"line":34,"column":12},"end":{"line":34,"column":70}},"18":{"start":{"line":39,"column":8},"end":{"line":39,"column":108}},"19":{"start":{"line":39,"column":49},"end":{"line":39,"column":75}},"20":{"start":{"line":39,"column":94},"end":{"line":39,"column":106}},"21":{"start":{"line":44,"column":0},"end":{"line":44,"column":25}}},"fnMap":{"0":{"name":"(anonymous_0)","decl":{"start":{"line":2,"column":4},"end":{"line":2,"column":5}},"loc":{"start":{"line":2,"column":18},"end":{"line":5,"column":5}},"line":2},"1":{"name":"(anonymous_1)","decl":{"start":{"line":4,"column":34},"end":{"line":4,"column":35}},"loc":{"start":{"line":4,"column":45},"end":{"line":4,"column":73}},"line":4},"2":{"name":"(anonymous_2)","decl":{"start":{"line":7,"column":4},"end":{"line":7,"column":5}},"loc":{"start":{"line":7,"column":30},"end":{"line":14,"column":5}},"line":7},"3":{"name":"(anonymous_3)","decl":{"start":{"line":8,"column":43},"end":{"line":8,"column":44}},"loc":{"start":{"line":8,"column":50},"end":{"line":8,"column":65}},"line":8},"4":{"name":"(anonymous_4)","decl":{"start":{"line":16,"column":4},"end":{"line":16,"column":5}},"loc":{"start":{"line":16,"column":32},"end":{"line":23,"column":5}},"line":16},"5":{"name":"(anonymous_5)","decl":{"start":{"line":17,"column":43},"end":{"line":17,"column":44}},"loc":{"start":{"line":17,"column":50},"end":{"line":17,"column":65}},"line":17},"6":{"name":"(anonymous_6)","decl":{"start":{"line":25,"column":4},"end":{"line":25,"column":5}},"loc":{"start":{"line":25,"column":29},"end":{"line":28,"column":5}},"line":25},"7":{"name":"(anonymous_7)","decl":{"start":{"line":26,"column":43},"end":{"line":26,"column":44}},"loc":{"start":{"line":26,"column":50},"end":{"line":26,"column":65}},"line":26},"8":{"name":"(anonymous_8)","decl":{"start":{"line":30,"column":4},"end":{"line":30,"column":5}},"loc":{"start":{"line":30,"column":27},"end":{"line":36,"column":5}},"line":30},"9":{"name":"(anonymous_9)","decl":{"start":{"line":38,"column":4},"end":{"line":38,"column":5}},"loc":{"start":{"line":38,"column":27},"end":{"line":40,"column":5}},"line":38},"10":{"name":"(anonymous_10)","decl":{"start":{"line":39,"column":36},"end":{"line":39,"column":37}},"loc":{"start":{"line":39,"column":49},"end":{"line":39,"column":75}},"line":39},"11":{"name":"(anonymous_11)","decl":{"start":{"line":39,"column":81},"end":{"line":39,"column":82}},"loc":{"start":{"line":39,"column":94},"end":{"line":39,"column":106}},"line":39}},"branchMap":{"0":{"loc":{"start":{"line":9,"column":8},"end":{"line":13,"column":9}},"type":"if","locations":[{"start":{"line":9,"column":8},"end":{"line":13,"column":9}},{"start":{"line":11,"column":15},"end":{"line":13,"column":9}}],"line":9},"1":{"loc":{"start":{"line":18,"column":8},"end":{"line":22,"column":9}},"type":"if","locations":[{"start":{"line":18,"column":8},"end":{"line":22,"column":9}},{"start":{"line":20,"column":15},"end":{"line":22,"column":9}}],"line":18},"2":{"loc":{"start":{"line":27,"column":15},"end":{"line":27,"column":60}},"type":"cond-expr","locations":[{"start":{"line":27,"column":25},"end":{"line":27,"column":39}},{"start":{"line":27,"column":42},"end":{"line":27,"column":60}}],"line":27},"3":{"loc":{"start":{"line":31,"column":8},"end":{"line":35,"column":9}},"type":"if","locations":[{"start":{"line":31,"column":8},"end":{"line":35,"column":9}},{"start":{"line":33,"column":15},"end":{"line":35,"column":9}}],"line":31},"4":{"loc":{"start":{"line":31,"column":12},"end":{"line":31,"column":34}},"type":"binary-expr","locations":[{"start":{"line":31,"column":12},"end":{"line":31,"column":21}},{"start":{"line":31,"column":25},"end":{"line":31,"column":34}}],"line":31}},"s":{"0":7,"1":168,"2":2,"3":33,"4":2,"5":1,"6":1,"7":5,"8":67,"9":5,"10":4,"11":1,"12":7,"13":98,"14":7,"15":1,"16":1,"17":0,"18":1,"19":24,"20":22,"21":1},"f":{"0":7,"1":168,"2":2,"3":33,"4":5,"5":67,"6":7,"7":98,"8":1,"9":1,"10":24,"11":22},"b":{"0":[1,1],"1":[4,1],"2":[5,2],"3":[1,0],"4":[1,1]},"_coverageSchema":"1a1c01bbd47fc00a2c39e90264f33305004495a9","hash":"e14343bb14d167b066e5a1be4ce338e6a53c4d1a"}
}
