TN:
SF:Atividade.js
FN:2,(anonymous_0)
FN:8,(anonymous_1)
FN:11,(anonymous_2)
FN:14,(anonymous_3)
FNF:4
FNH:3
FNDA:6,(anonymous_0)
FNDA:0,(anonymous_1)
FNDA:1,(anonymous_2)
FNDA:1,(anonymous_3)
DA:3,6
DA:4,6
DA:5,6
DA:6,6
DA:9,0
DA:12,1
DA:15,1
DA:16,1
DA:17,1
DA:18,1
DA:21,2
LF:11
LH:10
BRF:0
BRH:0
end_of_record
TN:
SF:DiaDaSemana.js
FN:2,(anonymous_0)
FN:14,(anonymous_1)
FN:22,(anonymous_2)
FN:30,(anonymous_3)
FN:31,(anonymous_4)
FN:40,(anonymous_5)
FN:43,(anonymous_6)
FN:44,(anonymous_7)
FN:47,(anonymous_8)
FN:48,(anonymous_9)
FNF:10
FNH:10
FNDA:8,(anonymous_0)
FNDA:2,(anonymous_1)
FNDA:3,(anonymous_2)
FNDA:4,(anonymous_3)
FNDA:10,(anonymous_4)
FNDA:5,(anonymous_5)
FNDA:1,(anonymous_6)
FNDA:7,(anonymous_7)
FNDA:1,(anonymous_8)
FNDA:7,(anonymous_9)
DA:3,8
DA:15,2
DA:16,1
DA:18,1
DA:23,3
DA:24,2
DA:26,1
DA:31,4
DA:32,10
DA:33,9
DA:35,1
DA:41,5
DA:44,7
DA:48,7
DA:52,1
LF:15
LH:15
BRDA:15,0,0,1
BRDA:15,0,1,1
BRDA:23,1,0,2
BRDA:23,1,1,1
BRDA:32,2,0,9
BRDA:32,2,1,1
BRDA:41,3,0,5
BRDA:41,3,1,3
BRF:8
BRH:8
end_of_record
TN:
SF:GerenciadorDeAtividades.js
FN:2,(anonymous_0)
FN:6,(anonymous_1)
FN:10,(anonymous_2)
FNF:3
FNH:3
FNDA:2,(anonymous_0)
FNDA:3,(anonymous_1)
FNDA:2,(anonymous_2)
DA:3,2
DA:7,3
DA:11,2
DA:16,1
LF:4
LH:4
BRF:0
BRH:0
end_of_record
TN:
SF:Horario.js
FN:2,(anonymous_0)
FN:4,(anonymous_1)
FN:7,(anonymous_2)
FN:8,(anonymous_3)
FN:16,(anonymous_4)
FN:17,(anonymous_5)
FN:25,(anonymous_6)
FN:26,(anonymous_7)
FN:30,(anonymous_8)
FN:38,(anonymous_9)
FN:39,(anonymous_10)
FN:39,(anonymous_11)
FNF:12
FNH:12
FNDA:7,(anonymous_0)
FNDA:168,(anonymous_1)
FNDA:2,(anonymous_2)
FNDA:33,(anonymous_3)
FNDA:5,(anonymous_4)
FNDA:67,(anonymous_5)
FNDA:7,(anonymous_6)
FNDA:98,(anonymous_7)
FNDA:1,(anonymous_8)
FNDA:1,(anonymous_9)
FNDA:24,(anonymous_10)
FNDA:22,(anonymous_11)
DA:3,7
DA:4,168
DA:8,33
DA:9,2
DA:10,1
DA:12,1
DA:17,67
DA:18,5
DA:19,4
DA:21,1
DA:26,98
DA:27,7
DA:31,1
DA:32,1
DA:34,0
DA:39,24
DA:44,1
LF:17
LH:16
BRDA:9,0,0,1
BRDA:9,0,1,1
BRDA:18,1,0,4
BRDA:18,1,1,1
BRDA:27,2,0,5
BRDA:27,2,1,2
BRDA:31,3,0,1
BRDA:31,3,1,0
BRDA:31,4,0,1
BRDA:31,4,1,1
BRF:10
BRH:9
end_of_record
